2025/03/08-15:56:10.063:[00008540#00000000#5] > [InitLibrary] Begin
2025/03/08-15:56:10.064:[00008540#00000000#4] > [InitLibrary] DLL Path: C:\Users\Pluem\OneDrive\??????\GitHub\Printer_Management_Program_For_Automated_Gate_System\Printer_Management_Program_For_Automated_Gate_System\python_printer_status\CuCustomWndAPI.dll
2025/03/08-15:56:10.069:[00008540#00000000#4] > [InitLibrary] DLL Version: 
2025/03/08-15:56:10.070:[00008540#00000000#4] > [InitLibrary] Application Path: C:\Users\Pluem\AppData\Local\Programs\Python\Python313\python.exe
2025/03/08-15:56:10.073:[00008540#00000000#4] > [InitLibrary] Log verbosity: 48
2025/03/08-15:56:10.074:[00008540#00000000#4] > [COSManager::LogSystemVersion] LogSystemVersion: OS-> Windows 10
2025/03/08-15:56:10.076:[00008540#00000000#4] > [COSManager::LogSystemVersion] LogSystemVersion: OS-> 64bit
2025/03/08-15:56:10.077:[00008540#00000000#4] > [COSManager::LogDisplayVersion] LogSystemVersion: OS-> DisplayVersion: 24H2
2025/03/08-15:56:10.077:[00008540#00000000#4] > [COSManager::LogDisplayVersion] LogSystemVersion: OS-> ProductName: Windows 10 Home Single Language
2025/03/08-15:56:10.079:[00008540#00000000#4] > [COSManager::LogSystemVersion] LogSystemVersion: OS-> MajorVersion: 10
2025/03/08-15:56:10.080:[00008540#00000000#4] > [COSManager::LogSystemVersion] LogSystemVersion: OS-> MinorVersion: 0
2025/03/08-15:56:10.081:[00008540#00000000#4] > [COSManager::LogSystemVersion] LogSystemVersion: OS-> CMajorVersion: 0
2025/03/08-15:56:10.082:[00008540#00000000#4] > [COSManager::LogSystemVersion] LogSystemVersion: OS-> CMinorVersion: 0
2025/03/08-15:56:10.083:[00008540#00000000#4] > [COSManager::LogSystemVersion] LogSystemVersion: OS-> Build: 26100
2025/03/08-15:56:10.084:[00008540#00000000#4] > [InitLibrary] Current library signature ID: 0x00000101
2025/03/08-15:56:10.085:[00008540#00000000#5] > [InitLibrary] End [0/Ok]
2025/03/08-15:56:10.104:[00008540#00000000#5] > [EnumUSBDevices] Begin
2025/03/08-15:56:10.105:[00008540#00000000#4] > [EnumUSBDevices] Found 0 USB Devices:
2025/03/08-15:56:10.105:[00008540#00000000#5] > [EnumUSBDevices] End [0/Ok]
2025/03/08-15:56:11.123:[00008540#00000000#5] > [InitLibrary] Begin
2025/03/08-15:56:11.123:[00008540#00000000#4] > [InitLibrary] DLL Path: C:\Users\Pluem\OneDrive\??????\GitHub\Printer_Management_Program_For_Automated_Gate_System\Printer_Management_Program_For_Automated_Gate_System\python_printer_status\CuCustomWndAPI.dll
2025/03/08-15:56:11.125:[00008540#00000000#4] > [InitLibrary] DLL Version: 
2025/03/08-15:56:11.126:[00008540#00000000#4] > [InitLibrary] Application Path: C:\Users\Pluem\AppData\Local\Programs\Python\Python313\python.exe
2025/03/08-15:56:11.126:[00008540#00000000#4] > [InitLibrary] Log verbosity: 48
2025/03/08-15:56:11.128:[00008540#00000000#4] > [COSManager::LogSystemVersion] LogSystemVersion: OS-> Windows 10
2025/03/08-15:56:11.129:[00008540#00000000#4] > [COSManager::LogSystemVersion] LogSystemVersion: OS-> 64bit
2025/03/08-15:56:11.129:[00008540#00000000#4] > [COSManager::LogDisplayVersion] LogSystemVersion: OS-> DisplayVersion: 24H2
2025/03/08-15:56:11.130:[00008540#00000000#4] > [COSManager::LogDisplayVersion] LogSystemVersion: OS-> ProductName: Windows 10 Home Single Language
2025/03/08-15:56:11.132:[00008540#00000000#4] > [COSManager::LogSystemVersion] LogSystemVersion: OS-> MajorVersion: 10
2025/03/08-15:56:11.134:[00008540#00000000#4] > [COSManager::LogSystemVersion] LogSystemVersion: OS-> MinorVersion: 0
2025/03/08-15:56:11.135:[00008540#00000000#4] > [COSManager::LogSystemVersion] LogSystemVersion: OS-> CMajorVersion: 0
2025/03/08-15:56:11.135:[00008540#00000000#4] > [COSManager::LogSystemVersion] LogSystemVersion: OS-> CMinorVersion: 0
2025/03/08-15:56:11.137:[00008540#00000000#4] > [COSManager::LogSystemVersion] LogSystemVersion: OS-> Build: 26100
2025/03/08-15:56:11.138:[00008540#00000000#4] > [InitLibrary] Current library signature ID: 0x00000101
2025/03/08-15:56:11.139:[00008540#00000000#5] > [InitLibrary] End [0/Ok]
2025/03/08-15:56:11.139:[00008540#00000000#5] > [CloseDevice] Begin
2025/03/08-15:56:11.140:[00008540#00000000#4] > [CloseDevice] DeviceID:00000000
2025/03/08-15:56:11.141:[00008540#00000000#2] > [CloseDevice] Invalid DeviceID
2025/03/08-15:56:11.142:[00008540#00000000#5] > [EnumUSBDevices] Begin
2025/03/08-15:56:11.142:[00008540#00000000#4] > [EnumUSBDevices] Found 0 USB Devices:
2025/03/08-15:56:11.142:[00008540#00000000#5] > [EnumUSBDevices] End [0/Ok]
2025/03/08-15:56:12.147:[00008540#00000000#5] > [InitLibrary] Begin
2025/03/08-15:56:12.148:[00008540#00000000#4] > [InitLibrary] DLL Path: C:\Users\Pluem\OneDrive\??????\GitHub\Printer_Management_Program_For_Automated_Gate_System\Printer_Management_Program_For_Automated_Gate_System\python_printer_status\CuCustomWndAPI.dll
2025/03/08-15:56:12.152:[00008540#00000000#4] > [InitLibrary] DLL Version: 
2025/03/08-15:56:12.153:[00008540#00000000#4] > [InitLibrary] Application Path: C:\Users\Pluem\AppData\Local\Programs\Python\Python313\python.exe
2025/03/08-15:56:12.155:[00008540#00000000#4] > [InitLibrary] Log verbosity: 48
2025/03/08-15:56:12.156:[00008540#00000000#4] > [COSManager::LogSystemVersion] LogSystemVersion: OS-> Windows 10
2025/03/08-15:56:12.157:[00008540#00000000#4] > [COSManager::LogSystemVersion] LogSystemVersion: OS-> 64bit
2025/03/08-15:56:12.159:[00008540#00000000#4] > [COSManager::LogDisplayVersion] LogSystemVersion: OS-> DisplayVersion: 24H2
2025/03/08-15:56:12.159:[00008540#00000000#4] > [COSManager::LogDisplayVersion] LogSystemVersion: OS-> ProductName: Windows 10 Home Single Language
2025/03/08-15:56:12.162:[00008540#00000000#4] > [COSManager::LogSystemVersion] LogSystemVersion: OS-> MajorVersion: 10
2025/03/08-15:56:12.164:[00008540#00000000#4] > [COSManager::LogSystemVersion] LogSystemVersion: OS-> MinorVersion: 0
2025/03/08-15:56:12.165:[00008540#00000000#4] > [COSManager::LogSystemVersion] LogSystemVersion: OS-> CMajorVersion: 0
2025/03/08-15:56:12.166:[00008540#00000000#4] > [COSManager::LogSystemVersion] LogSystemVersion: OS-> CMinorVersion: 0
2025/03/08-15:56:12.167:[00008540#00000000#4] > [COSManager::LogSystemVersion] LogSystemVersion: OS-> Build: 26100
2025/03/08-15:56:12.168:[00008540#00000000#4] > [InitLibrary] Current library signature ID: 0x00000101
2025/03/08-15:56:12.169:[00008540#00000000#5] > [InitLibrary] End [0/Ok]
2025/03/08-15:56:12.171:[00008540#00000000#5] > [CloseDevice] Begin
2025/03/08-15:56:12.172:[00008540#00000000#4] > [CloseDevice] DeviceID:00000000
2025/03/08-15:56:12.173:[00008540#00000000#2] > [CloseDevice] Invalid DeviceID
2025/03/08-15:56:12.174:[00008540#00000000#5] > [EnumUSBDevices] Begin
2025/03/08-15:56:12.175:[00008540#00000000#4] > [EnumUSBDevices] Found 0 USB Devices:
2025/03/08-15:56:12.175:[00008540#00000000#5] > [EnumUSBDevices] End [0/Ok]
2025/03/08-15:56:13.186:[00008540#00000000#5] > [InitLibrary] Begin
2025/03/08-15:56:13.186:[00008540#00000000#4] > [InitLibrary] DLL Path: C:\Users\Pluem\OneDrive\??????\GitHub\Printer_Management_Program_For_Automated_Gate_System\Printer_Management_Program_For_Automated_Gate_System\python_printer_status\CuCustomWndAPI.dll
2025/03/08-15:56:13.189:[00008540#00000000#4] > [InitLibrary] DLL Version: 
2025/03/08-15:56:13.189:[00008540#00000000#4] > [InitLibrary] Application Path: C:\Users\Pluem\AppData\Local\Programs\Python\Python313\python.exe
2025/03/08-15:56:13.190:[00008540#00000000#4] > [InitLibrary] Log verbosity: 48
2025/03/08-15:56:13.191:[00008540#00000000#4] > [COSManager::LogSystemVersion] LogSystemVersion: OS-> Windows 10
2025/03/08-15:56:13.192:[00008540#00000000#4] > [COSManager::LogSystemVersion] LogSystemVersion: OS-> 64bit
2025/03/08-15:56:13.192:[00008540#00000000#4] > [COSManager::LogDisplayVersion] LogSystemVersion: OS-> DisplayVersion: 24H2
2025/03/08-15:56:13.193:[00008540#00000000#4] > [COSManager::LogDisplayVersion] LogSystemVersion: OS-> ProductName: Windows 10 Home Single Language
2025/03/08-15:56:13.193:[00008540#00000000#4] > [COSManager::LogSystemVersion] LogSystemVersion: OS-> MajorVersion: 10
2025/03/08-15:56:13.195:[00008540#00000000#4] > [COSManager::LogSystemVersion] LogSystemVersion: OS-> MinorVersion: 0
2025/03/08-15:56:13.195:[00008540#00000000#4] > [COSManager::LogSystemVersion] LogSystemVersion: OS-> CMajorVersion: 0
2025/03/08-15:56:13.196:[00008540#00000000#4] > [COSManager::LogSystemVersion] LogSystemVersion: OS-> CMinorVersion: 0
2025/03/08-15:56:13.196:[00008540#00000000#4] > [COSManager::LogSystemVersion] LogSystemVersion: OS-> Build: 26100
2025/03/08-15:56:13.197:[00008540#00000000#4] > [InitLibrary] Current library signature ID: 0x00000101
2025/03/08-15:56:13.197:[00008540#00000000#5] > [InitLibrary] End [0/Ok]
2025/03/08-15:56:13.199:[00008540#00000000#5] > [CloseDevice] Begin
2025/03/08-15:56:13.199:[00008540#00000000#4] > [CloseDevice] DeviceID:00000000
2025/03/08-15:56:13.200:[00008540#00000000#2] > [CloseDevice] Invalid DeviceID
2025/03/08-15:56:13.200:[00008540#00000000#5] > [EnumUSBDevices] Begin
2025/03/08-15:56:13.202:[00008540#00000000#4] > [EnumUSBDevices] Found 0 USB Devices:
2025/03/08-15:56:13.202:[00008540#00000000#5] > [EnumUSBDevices] End [0/Ok]
2025/03/08-15:56:14.211:[00008540#00000000#5] > [InitLibrary] Begin
2025/03/08-15:56:14.212:[00008540#00000000#4] > [InitLibrary] DLL Path: C:\Users\Pluem\OneDrive\??????\GitHub\Printer_Management_Program_For_Automated_Gate_System\Printer_Management_Program_For_Automated_Gate_System\python_printer_status\CuCustomWndAPI.dll
2025/03/08-15:56:14.216:[00008540#00000000#4] > [InitLibrary] DLL Version: 
2025/03/08-15:56:14.218:[00008540#00000000#4] > [InitLibrary] Application Path: C:\Users\Pluem\AppData\Local\Programs\Python\Python313\python.exe
2025/03/08-15:56:14.220:[00008540#00000000#4] > [InitLibrary] Log verbosity: 48
2025/03/08-15:56:14.221:[00008540#00000000#4] > [COSManager::LogSystemVersion] LogSystemVersion: OS-> Windows 10
2025/03/08-15:56:14.222:[00008540#00000000#4] > [COSManager::LogSystemVersion] LogSystemVersion: OS-> 64bit
2025/03/08-15:56:14.223:[00008540#00000000#4] > [COSManager::LogDisplayVersion] LogSystemVersion: OS-> DisplayVersion: 24H2
2025/03/08-15:56:14.225:[00008540#00000000#4] > [COSManager::LogDisplayVersion] LogSystemVersion: OS-> ProductName: Windows 10 Home Single Language
2025/03/08-15:56:14.226:[00008540#00000000#4] > [COSManager::LogSystemVersion] LogSystemVersion: OS-> MajorVersion: 10
2025/03/08-15:56:14.229:[00008540#00000000#4] > [COSManager::LogSystemVersion] LogSystemVersion: OS-> MinorVersion: 0
2025/03/08-15:56:14.229:[00008540#00000000#4] > [COSManager::LogSystemVersion] LogSystemVersion: OS-> CMajorVersion: 0
2025/03/08-15:56:14.232:[00008540#00000000#4] > [COSManager::LogSystemVersion] LogSystemVersion: OS-> CMinorVersion: 0
2025/03/08-15:56:14.234:[00008540#00000000#4] > [COSManager::LogSystemVersion] LogSystemVersion: OS-> Build: 26100
2025/03/08-15:56:14.235:[00008540#00000000#4] > [InitLibrary] Current library signature ID: 0x00000101
2025/03/08-15:56:14.237:[00008540#00000000#5] > [InitLibrary] End [0/Ok]
2025/03/08-15:56:14.238:[00008540#00000000#5] > [CloseDevice] Begin
2025/03/08-15:56:14.239:[00008540#00000000#4] > [CloseDevice] DeviceID:00000000
2025/03/08-15:56:14.240:[00008540#00000000#2] > [CloseDevice] Invalid DeviceID
2025/03/08-15:56:14.241:[00008540#00000000#5] > [EnumUSBDevices] Begin
2025/03/08-15:56:14.242:[00008540#00000000#4] > [EnumUSBDevices] Found 0 USB Devices:
2025/03/08-15:56:14.242:[00008540#00000000#5] > [EnumUSBDevices] End [0/Ok]
2025/03/08-15:56:15.265:[00008540#00000000#5] > [InitLibrary] Begin
2025/03/08-15:56:15.266:[00008540#00000000#4] > [InitLibrary] DLL Path: C:\Users\Pluem\OneDrive\??????\GitHub\Printer_Management_Program_For_Automated_Gate_System\Printer_Management_Program_For_Automated_Gate_System\python_printer_status\CuCustomWndAPI.dll
2025/03/08-15:56:15.270:[00008540#00000000#4] > [InitLibrary] DLL Version: 
2025/03/08-15:56:15.270:[00008540#00000000#4] > [InitLibrary] Application Path: C:\Users\Pluem\AppData\Local\Programs\Python\Python313\python.exe
2025/03/08-15:56:15.273:[00008540#00000000#4] > [InitLibrary] Log verbosity: 48
2025/03/08-15:56:15.274:[00008540#00000000#4] > [COSManager::LogSystemVersion] LogSystemVersion: OS-> Windows 10
2025/03/08-15:56:15.277:[00008540#00000000#4] > [COSManager::LogSystemVersion] LogSystemVersion: OS-> 64bit
2025/03/08-15:56:15.280:[00008540#00000000#4] > [COSManager::LogDisplayVersion] LogSystemVersion: OS-> DisplayVersion: 24H2
2025/03/08-15:56:15.281:[00008540#00000000#4] > [COSManager::LogDisplayVersion] LogSystemVersion: OS-> ProductName: Windows 10 Home Single Language
2025/03/08-15:56:15.283:[00008540#00000000#4] > [COSManager::LogSystemVersion] LogSystemVersion: OS-> MajorVersion: 10
2025/03/08-15:56:15.285:[00008540#00000000#4] > [COSManager::LogSystemVersion] LogSystemVersion: OS-> MinorVersion: 0
2025/03/08-15:56:15.286:[00008540#00000000#4] > [COSManager::LogSystemVersion] LogSystemVersion: OS-> CMajorVersion: 0
2025/03/08-15:56:15.289:[00008540#00000000#4] > [COSManager::LogSystemVersion] LogSystemVersion: OS-> CMinorVersion: 0
2025/03/08-15:56:15.291:[00008540#00000000#4] > [COSManager::LogSystemVersion] LogSystemVersion: OS-> Build: 26100
2025/03/08-15:56:15.291:[00008540#00000000#4] > [InitLibrary] Current library signature ID: 0x00000101
2025/03/08-15:56:15.293:[00008540#00000000#5] > [InitLibrary] End [0/Ok]
2025/03/08-15:56:15.294:[00008540#00000000#5] > [CloseDevice] Begin
2025/03/08-15:56:15.295:[00008540#00000000#4] > [CloseDevice] DeviceID:00000000
2025/03/08-15:56:15.295:[00008540#00000000#2] > [CloseDevice] Invalid DeviceID
2025/03/08-15:56:15.297:[00008540#00000000#5] > [EnumUSBDevices] Begin
2025/03/08-15:56:15.298:[00008540#00000000#4] > [EnumUSBDevices] Found 0 USB Devices:
2025/03/08-15:56:15.299:[00008540#00000000#5] > [EnumUSBDevices] End [0/Ok]
2025/03/08-15:56:16.316:[00008540#00000000#5] > [InitLibrary] Begin
2025/03/08-15:56:16.317:[00008540#00000000#4] > [InitLibrary] DLL Path: C:\Users\Pluem\OneDrive\??????\GitHub\Printer_Management_Program_For_Automated_Gate_System\Printer_Management_Program_For_Automated_Gate_System\python_printer_status\CuCustomWndAPI.dll
2025/03/08-15:56:16.320:[00008540#00000000#4] > [InitLibrary] DLL Version: 
2025/03/08-15:56:16.321:[00008540#00000000#4] > [InitLibrary] Application Path: C:\Users\Pluem\AppData\Local\Programs\Python\Python313\python.exe
2025/03/08-15:56:16.323:[00008540#00000000#4] > [InitLibrary] Log verbosity: 48
2025/03/08-15:56:16.324:[00008540#00000000#4] > [COSManager::LogSystemVersion] LogSystemVersion: OS-> Windows 10
2025/03/08-15:56:16.324:[00008540#00000000#4] > [COSManager::LogSystemVersion] LogSystemVersion: OS-> 64bit
2025/03/08-15:56:16.325:[00008540#00000000#4] > [COSManager::LogDisplayVersion] LogSystemVersion: OS-> DisplayVersion: 24H2
2025/03/08-15:56:16.326:[00008540#00000000#4] > [COSManager::LogDisplayVersion] LogSystemVersion: OS-> ProductName: Windows 10 Home Single Language
2025/03/08-15:56:16.326:[00008540#00000000#4] > [COSManager::LogSystemVersion] LogSystemVersion: OS-> MajorVersion: 10
2025/03/08-15:56:16.328:[00008540#00000000#4] > [COSManager::LogSystemVersion] LogSystemVersion: OS-> MinorVersion: 0
2025/03/08-15:56:16.328:[00008540#00000000#4] > [COSManager::LogSystemVersion] LogSystemVersion: OS-> CMajorVersion: 0
2025/03/08-15:56:16.329:[00008540#00000000#4] > [COSManager::LogSystemVersion] LogSystemVersion: OS-> CMinorVersion: 0
2025/03/08-15:56:16.329:[00008540#00000000#4] > [COSManager::LogSystemVersion] LogSystemVersion: OS-> Build: 26100
2025/03/08-15:56:16.330:[00008540#00000000#4] > [InitLibrary] Current library signature ID: 0x00000101
2025/03/08-15:56:16.330:[00008540#00000000#5] > [InitLibrary] End [0/Ok]
2025/03/08-15:56:16.331:[00008540#00000000#5] > [CloseDevice] Begin
2025/03/08-15:56:16.331:[00008540#00000000#4] > [CloseDevice] DeviceID:00000000
2025/03/08-15:56:16.332:[00008540#00000000#2] > [CloseDevice] Invalid DeviceID
2025/03/08-15:56:16.332:[00008540#00000000#5] > [EnumUSBDevices] Begin
2025/03/08-15:56:16.332:[00008540#00000000#4] > [EnumUSBDevices] Found 0 USB Devices:
2025/03/08-15:56:16.334:[00008540#00000000#5] > [EnumUSBDevices] End [0/Ok]
2025/03/08-15:56:17.343:[00008540#00000000#5] > [InitLibrary] Begin
2025/03/08-15:56:17.343:[00008540#00000000#4] > [InitLibrary] DLL Path: C:\Users\Pluem\OneDrive\??????\GitHub\Printer_Management_Program_For_Automated_Gate_System\Printer_Management_Program_For_Automated_Gate_System\python_printer_status\CuCustomWndAPI.dll
2025/03/08-15:56:17.346:[00008540#00000000#4] > [InitLibrary] DLL Version: 
2025/03/08-15:56:17.347:[00008540#00000000#4] > [InitLibrary] Application Path: C:\Users\Pluem\AppData\Local\Programs\Python\Python313\python.exe
2025/03/08-15:56:17.348:[00008540#00000000#4] > [InitLibrary] Log verbosity: 48
2025/03/08-15:56:17.348:[00008540#00000000#4] > [COSManager::LogSystemVersion] LogSystemVersion: OS-> Windows 10
2025/03/08-15:56:17.350:[00008540#00000000#4] > [COSManager::LogSystemVersion] LogSystemVersion: OS-> 64bit
2025/03/08-15:56:17.350:[00008540#00000000#4] > [COSManager::LogDisplayVersion] LogSystemVersion: OS-> DisplayVersion: 24H2
2025/03/08-15:56:17.351:[00008540#00000000#4] > [COSManager::LogDisplayVersion] LogSystemVersion: OS-> ProductName: Windows 10 Home Single Language
2025/03/08-15:56:17.351:[00008540#00000000#4] > [COSManager::LogSystemVersion] LogSystemVersion: OS-> MajorVersion: 10
2025/03/08-15:56:17.352:[00008540#00000000#4] > [COSManager::LogSystemVersion] LogSystemVersion: OS-> MinorVersion: 0
2025/03/08-15:56:17.353:[00008540#00000000#4] > [COSManager::LogSystemVersion] LogSystemVersion: OS-> CMajorVersion: 0
2025/03/08-15:56:17.353:[00008540#00000000#4] > [COSManager::LogSystemVersion] LogSystemVersion: OS-> CMinorVersion: 0
2025/03/08-15:56:17.354:[00008540#00000000#4] > [COSManager::LogSystemVersion] LogSystemVersion: OS-> Build: 26100
2025/03/08-15:56:17.354:[00008540#00000000#4] > [InitLibrary] Current library signature ID: 0x00000101
2025/03/08-15:56:17.354:[00008540#00000000#5] > [InitLibrary] End [0/Ok]
2025/03/08-15:56:17.356:[00008540#00000000#5] > [CloseDevice] Begin
2025/03/08-15:56:17.356:[00008540#00000000#4] > [CloseDevice] DeviceID:00000000
2025/03/08-15:56:17.356:[00008540#00000000#2] > [CloseDevice] Invalid DeviceID
2025/03/08-15:56:17.357:[00008540#00000000#5] > [EnumUSBDevices] Begin
2025/03/08-15:56:17.357:[00008540#00000000#4] > [EnumUSBDevices] Found 0 USB Devices:
2025/03/08-15:56:17.357:[00008540#00000000#5] > [EnumUSBDevices] End [0/Ok]
2025/03/08-15:56:19.528:[000024E0#00000000#5] > [InitLibrary] Begin
2025/03/08-15:56:19.529:[000024E0#00000000#4] > [InitLibrary] DLL Path: C:\Users\Pluem\OneDrive\??????\GitHub\Printer_Management_Program_For_Automated_Gate_System\Printer_Management_Program_For_Automated_Gate_System\python_printer_status\CuCustomWndAPI.dll
2025/03/08-15:56:19.530:[000024E0#00000000#4] > [InitLibrary] DLL Version: 
2025/03/08-15:56:19.532:[000024E0#00000000#4] > [InitLibrary] Application Path: C:\Users\Pluem\AppData\Local\Programs\Python\Python313\python.exe
2025/03/08-15:56:19.533:[000024E0#00000000#4] > [InitLibrary] Log verbosity: 48
2025/03/08-15:56:19.534:[000024E0#00000000#4] > [COSManager::LogSystemVersion] LogSystemVersion: OS-> Windows 10
2025/03/08-15:56:19.534:[000024E0#00000000#4] > [COSManager::LogSystemVersion] LogSystemVersion: OS-> 64bit
2025/03/08-15:56:19.535:[000024E0#00000000#4] > [COSManager::LogDisplayVersion] LogSystemVersion: OS-> DisplayVersion: 24H2
2025/03/08-15:56:19.536:[000024E0#00000000#4] > [COSManager::LogDisplayVersion] LogSystemVersion: OS-> ProductName: Windows 10 Home Single Language
2025/03/08-15:56:19.536:[000024E0#00000000#4] > [COSManager::LogSystemVersion] LogSystemVersion: OS-> MajorVersion: 10
2025/03/08-15:56:19.537:[000024E0#00000000#4] > [COSManager::LogSystemVersion] LogSystemVersion: OS-> MinorVersion: 0
2025/03/08-15:56:19.538:[000024E0#00000000#4] > [COSManager::LogSystemVersion] LogSystemVersion: OS-> CMajorVersion: 0
2025/03/08-15:56:19.539:[000024E0#00000000#4] > [COSManager::LogSystemVersion] LogSystemVersion: OS-> CMinorVersion: 0
2025/03/08-15:56:19.540:[000024E0#00000000#4] > [COSManager::LogSystemVersion] LogSystemVersion: OS-> Build: 26100
2025/03/08-15:56:19.541:[000024E0#00000000#4] > [InitLibrary] Current library signature ID: 0x00000101
2025/03/08-15:56:19.542:[000024E0#00000000#5] > [InitLibrary] End [0/Ok]
2025/03/08-15:56:19.561:[000024E0#00000000#5] > [EnumUSBDevices] Begin
2025/03/08-15:56:19.562:[000024E0#00000000#4] > [EnumUSBDevices] Found 0 USB Devices:
2025/03/08-15:56:19.563:[000024E0#00000000#5] > [EnumUSBDevices] End [0/Ok]
2025/03/08-15:56:20.583:[000024E0#00000000#5] > [InitLibrary] Begin
2025/03/08-15:56:20.584:[000024E0#00000000#4] > [InitLibrary] DLL Path: C:\Users\Pluem\OneDrive\??????\GitHub\Printer_Management_Program_For_Automated_Gate_System\Printer_Management_Program_For_Automated_Gate_System\python_printer_status\CuCustomWndAPI.dll
2025/03/08-15:56:20.585:[000024E0#00000000#4] > [InitLibrary] DLL Version: 
2025/03/08-15:56:20.586:[000024E0#00000000#4] > [InitLibrary] Application Path: C:\Users\Pluem\AppData\Local\Programs\Python\Python313\python.exe
2025/03/08-15:56:20.586:[000024E0#00000000#4] > [InitLibrary] Log verbosity: 48
2025/03/08-15:56:20.588:[000024E0#00000000#4] > [COSManager::LogSystemVersion] LogSystemVersion: OS-> Windows 10
2025/03/08-15:56:20.589:[000024E0#00000000#4] > [COSManager::LogSystemVersion] LogSystemVersion: OS-> 64bit
2025/03/08-15:56:20.589:[000024E0#00000000#4] > [COSManager::LogDisplayVersion] LogSystemVersion: OS-> DisplayVersion: 24H2
2025/03/08-15:56:20.590:[000024E0#00000000#4] > [COSManager::LogDisplayVersion] LogSystemVersion: OS-> ProductName: Windows 10 Home Single Language
2025/03/08-15:56:20.592:[000024E0#00000000#4] > [COSManager::LogSystemVersion] LogSystemVersion: OS-> MajorVersion: 10
2025/03/08-15:56:20.593:[000024E0#00000000#4] > [COSManager::LogSystemVersion] LogSystemVersion: OS-> MinorVersion: 0
2025/03/08-15:56:20.595:[000024E0#00000000#4] > [COSManager::LogSystemVersion] LogSystemVersion: OS-> CMajorVersion: 0
2025/03/08-15:56:20.595:[000024E0#00000000#4] > [COSManager::LogSystemVersion] LogSystemVersion: OS-> CMinorVersion: 0
2025/03/08-15:56:20.596:[000024E0#00000000#4] > [COSManager::LogSystemVersion] LogSystemVersion: OS-> Build: 26100
2025/03/08-15:56:20.597:[000024E0#00000000#4] > [InitLibrary] Current library signature ID: 0x00000101
2025/03/08-15:56:20.598:[000024E0#00000000#5] > [InitLibrary] End [0/Ok]
2025/03/08-15:56:20.598:[000024E0#00000000#5] > [CloseDevice] Begin
2025/03/08-15:56:20.598:[000024E0#00000000#4] > [CloseDevice] DeviceID:00000000
2025/03/08-15:56:20.600:[000024E0#00000000#2] > [CloseDevice] Invalid DeviceID
2025/03/08-15:56:20.601:[000024E0#00000000#5] > [EnumUSBDevices] Begin
2025/03/08-15:56:20.602:[000024E0#00000000#4] > [EnumUSBDevices] Found 0 USB Devices:
2025/03/08-15:56:20.602:[000024E0#00000000#5] > [EnumUSBDevices] End [0/Ok]
2025/03/08-15:56:21.607:[000024E0#00000000#5] > [InitLibrary] Begin
2025/03/08-15:56:21.608:[000024E0#00000000#4] > [InitLibrary] DLL Path: C:\Users\Pluem\OneDrive\??????\GitHub\Printer_Management_Program_For_Automated_Gate_System\Printer_Management_Program_For_Automated_Gate_System\python_printer_status\CuCustomWndAPI.dll
2025/03/08-15:56:21.612:[000024E0#00000000#4] > [InitLibrary] DLL Version: 
2025/03/08-15:56:21.615:[000024E0#00000000#4] > [InitLibrary] Application Path: C:\Users\Pluem\AppData\Local\Programs\Python\Python313\python.exe
2025/03/08-15:56:21.619:[000024E0#00000000#4] > [InitLibrary] Log verbosity: 48
2025/03/08-15:56:21.621:[000024E0#00000000#4] > [COSManager::LogSystemVersion] LogSystemVersion: OS-> Windows 10
2025/03/08-15:56:21.624:[000024E0#00000000#4] > [COSManager::LogSystemVersion] LogSystemVersion: OS-> 64bit
2025/03/08-15:56:21.626:[000024E0#00000000#4] > [COSManager::LogDisplayVersion] LogSystemVersion: OS-> DisplayVersion: 24H2
2025/03/08-15:56:21.629:[000024E0#00000000#4] > [COSManager::LogDisplayVersion] LogSystemVersion: OS-> ProductName: Windows 10 Home Single Language
2025/03/08-15:56:21.631:[000024E0#00000000#4] > [COSManager::LogSystemVersion] LogSystemVersion: OS-> MajorVersion: 10
2025/03/08-15:56:21.633:[000024E0#00000000#4] > [COSManager::LogSystemVersion] LogSystemVersion: OS-> MinorVersion: 0
2025/03/08-15:56:21.636:[000024E0#00000000#4] > [COSManager::LogSystemVersion] LogSystemVersion: OS-> CMajorVersion: 0
2025/03/08-15:56:21.639:[000024E0#00000000#4] > [COSManager::LogSystemVersion] LogSystemVersion: OS-> CMinorVersion: 0
2025/03/08-15:56:21.642:[000024E0#00000000#4] > [COSManager::LogSystemVersion] LogSystemVersion: OS-> Build: 26100
2025/03/08-15:56:21.643:[000024E0#00000000#4] > [InitLibrary] Current library signature ID: 0x00000101
2025/03/08-15:56:21.647:[000024E0#00000000#5] > [InitLibrary] End [0/Ok]
2025/03/08-15:56:21.648:[000024E0#00000000#5] > [CloseDevice] Begin
2025/03/08-15:56:21.652:[000024E0#00000000#4] > [CloseDevice] DeviceID:00000000
2025/03/08-15:56:21.653:[000024E0#00000000#2] > [CloseDevice] Invalid DeviceID
2025/03/08-15:56:21.655:[000024E0#00000000#5] > [EnumUSBDevices] Begin
2025/03/08-15:56:21.656:[000024E0#00000000#4] > [EnumUSBDevices] Found 0 USB Devices:
2025/03/08-15:56:21.656:[000024E0#00000000#5] > [EnumUSBDevices] End [0/Ok]
2025/03/08-15:56:22.671:[000024E0#00000000#5] > [InitLibrary] Begin
2025/03/08-15:56:22.671:[000024E0#00000000#4] > [InitLibrary] DLL Path: C:\Users\Pluem\OneDrive\??????\GitHub\Printer_Management_Program_For_Automated_Gate_System\Printer_Management_Program_For_Automated_Gate_System\python_printer_status\CuCustomWndAPI.dll
2025/03/08-15:56:22.673:[000024E0#00000000#4] > [InitLibrary] DLL Version: 
2025/03/08-15:56:22.674:[000024E0#00000000#4] > [InitLibrary] Application Path: C:\Users\Pluem\AppData\Local\Programs\Python\Python313\python.exe
2025/03/08-15:56:22.676:[000024E0#00000000#4] > [InitLibrary] Log verbosity: 48
2025/03/08-15:56:22.676:[000024E0#00000000#4] > [COSManager::LogSystemVersion] LogSystemVersion: OS-> Windows 10
2025/03/08-15:56:22.677:[000024E0#00000000#4] > [COSManager::LogSystemVersion] LogSystemVersion: OS-> 64bit
2025/03/08-15:56:22.677:[000024E0#00000000#4] > [COSManager::LogDisplayVersion] LogSystemVersion: OS-> DisplayVersion: 24H2
2025/03/08-15:56:22.678:[000024E0#00000000#4] > [COSManager::LogDisplayVersion] LogSystemVersion: OS-> ProductName: Windows 10 Home Single Language
2025/03/08-15:56:22.678:[000024E0#00000000#4] > [COSManager::LogSystemVersion] LogSystemVersion: OS-> MajorVersion: 10
2025/03/08-15:56:22.679:[000024E0#00000000#4] > [COSManager::LogSystemVersion] LogSystemVersion: OS-> MinorVersion: 0
2025/03/08-15:56:22.679:[000024E0#00000000#4] > [COSManager::LogSystemVersion] LogSystemVersion: OS-> CMajorVersion: 0
2025/03/08-15:56:22.681:[000024E0#00000000#4] > [COSManager::LogSystemVersion] LogSystemVersion: OS-> CMinorVersion: 0
2025/03/08-15:56:22.681:[000024E0#00000000#4] > [COSManager::LogSystemVersion] LogSystemVersion: OS-> Build: 26100
2025/03/08-15:56:22.682:[000024E0#00000000#4] > [InitLibrary] Current library signature ID: 0x00000101
2025/03/08-15:56:22.682:[000024E0#00000000#5] > [InitLibrary] End [0/Ok]
2025/03/08-15:56:22.683:[000024E0#00000000#5] > [CloseDevice] Begin
2025/03/08-15:56:22.683:[000024E0#00000000#4] > [CloseDevice] DeviceID:00000000
2025/03/08-15:56:22.684:[000024E0#00000000#2] > [CloseDevice] Invalid DeviceID
2025/03/08-15:56:22.685:[000024E0#00000000#5] > [EnumUSBDevices] Begin
2025/03/08-15:56:22.686:[000024E0#00000000#4] > [EnumUSBDevices] Found 0 USB Devices:
2025/03/08-15:56:22.687:[000024E0#00000000#5] > [EnumUSBDevices] End [0/Ok]
